Using pre-set license
Built from '2020.3/release' branch; Version is '2020.3.12f1 (b3b2c6512326) revision 11776710'; Using compiler version '192528614'; Build Type 'Release'
OS: 'Windows 10 Pro; OS build 19042.1052; Version 2009; 64bit' Language: 'ko' Physical Memory: 16346 MB
BatchMode: 1, IsHumanControllingUs: 0, StartBugReporterOnCrash: 0, Is64bit: 1, IsPro: 0

 COMMAND LINE ARGUMENTS:
C:\Program Files\Unity\Hub\Editor\2020.3.12f1\Editor\Unity.exe
-adb2
-batchMode
-noUpm
-name
AssetImportWorker0
-projectPath
C:/Users/user/Desktop/New Unity/ShootingSehwan
-logFile
Logs/AssetImportWorker0.log
-srvPort
56945
Successfully changed project path to: C:/Users/user/Desktop/New Unity/ShootingSehwan
C:/Users/user/Desktop/New Unity/ShootingSehwan
Using Asset Import Pipeline V2.
Refreshing native plugins compatible for Editor in 28.84 ms, found 2 plugins.
Preloading 0 native plugins for Editor in 0.00 ms.
Initialize engine version: 2020.3.12f1 (b3b2c6512326)
[Subsystems] Discovering subsystems at path C:/Program Files/Unity/Hub/Editor/2020.3.12f1/Editor/Data/Resources/UnitySubsystems
[Subsystems] Discovering subsystems at path C:/Users/user/Desktop/New Unity/ShootingSehwan/Assets
GfxDevice: creating device client; threaded=0
Direct3D:
    Version:  Direct3D 11.0 [level 11.1]
    Renderer: NVIDIA GeForce RTX 2080 (ID=0x1e82)
    Vendor:   
    VRAM:     8010 MB
    Driver:   27.21.14.5671
Initialize mono
Mono path[0] = 'C:/Program Files/Unity/Hub/Editor/2020.3.12f1/Editor/Data/Managed'
Mono path[1] = 'C:/Program Files/Unity/Hub/Editor/2020.3.12f1/Editor/Data/MonoBleedingEdge/lib/mono/unityjit'
Mono config path = 'C:/Program Files/Unity/Hub/Editor/2020.3.12f1/Editor/Data/MonoBleedingEdge/etc'
Using monoOptions --debugger-agent=transport=dt_socket,embedding=1,server=y,suspend=n,address=127.0.0.1:56940
Begin MonoManager ReloadAssembly
Registering precompiled unity dll's ...
Register platform support module: C:/Program Files/Unity/Hub/Editor/2020.3.12f1/Editor/Data/PlaybackEngines/WindowsStandaloneSupport/UnityEditor.WindowsStandalone.Extensions.dll
Registered in 0.001591 seconds.
Native extension for WindowsStandalone target not found
Refreshing native plugins compatible for Editor in 25.41 ms, found 2 plugins.
Preloading 0 native plugins for Editor in 0.00 ms.
Mono: successfully reloaded assembly
- Completed reload, in  1.791 seconds
Platform modules already initialized, skipping
Registering precompiled user dll's ...
Registered in 0.003261 seconds.
Begin MonoManager ReloadAssembly
Native extension for WindowsStandalone target not found
Refreshing native plugins compatible for Editor in 0.32 ms, found 2 plugins.
Preloading 0 native plugins for Editor in 0.00 ms.
Mono: successfully reloaded assembly
- Completed reload, in  0.841 seconds
Platform modules already initialized, skipping
========================================================================
Worker process is ready to serve import requests
Launched and connected shader compiler UnityShaderCompiler.exe after 0.04 seconds
Refreshing native plugins compatible for Editor in 0.54 ms, found 2 plugins.
Preloading 0 native plugins for Editor in 0.00 ms.
Unloading 1454 Unused Serialized files (Serialized files now loaded: 0)
System memory in use before: 73.0 MB.
System memory in use after: 73.0 MB.

Unloading 19 unused Assets to reduce memory usage. Loaded Objects now: 1894.
Total: 1.606800 ms (FindLiveObjects: 0.139100 ms CreateObjectMapping: 0.038100 ms MarkObjects: 1.343800 ms  DeleteObjects: 0.084800 ms)

AssetImportParameters requested are different than current active one (requested -> active):
  custom:framework-win-MediaFoundation: 216162199b28c13a410421893ffa2e32 -> 
  custom:video-decoder-ogg-theora: a1e56fd34408186e4bbccfd4996cb3dc -> 
  custom:container-muxer-webm: aa71ff27fc2769a1b78a27578f13a17b -> 
  custom:container-demuxer-webm: 4f35f7cbe854078d1ac9338744f61a02 -> 
  custom:container-demuxer-ogg: 62fdf1f143b41e24485cea50d1cbac27 -> 
  custom:video-encoder-webm-vp8: eb34c28f22e8b96e1ab97ce403110664 -> 
  custom:video-decoder-webm-vp8: 9c59270c3fd7afecdb556c50c9e8de78 -> 
  custom:audio-decoder-ogg-vorbis: bf7c407c2cedff20999df2af8eb42d56 -> 
  custom:audio-encoder-webm-vorbis: bf7c407c2cedff20999df2af8eb42d56 -> 
========================================================================
Received Import Request.
  path: Assets/_Creepy_Cat/3D Games Effects Pack Free/Example_02/Instanciate_01.unity
  artifactKey: Guid(9ea30ad058cce45788061e0e0bf9c52d) Importer(815301076,1909f56bfc062723c751e8b465ee728b)
Start importing Assets/_Creepy_Cat/3D Games Effects Pack Free/Example_02/Instanciate_01.unity using Guid(9ea30ad058cce45788061e0e0bf9c52d) Importer(815301076,1909f56bfc062723c751e8b465ee728b)  -> (artifact id: '25b6f1d26deed16159fde021a97881a5') in 0.014782 seconds 
  Import took 0.017284 seconds .

========================================================================
Received Import Request.
  Time since last request: 8.782593 seconds.
  path: Assets/_Creepy_Cat/3D Games Effects Pack Free/Example_01
  artifactKey: Guid(9d5c4e48cc0ee44be80b3e4f82bb69de) Importer(815301076,1909f56bfc062723c751e8b465ee728b)
Start importing Assets/_Creepy_Cat/3D Games Effects Pack Free/Example_01 using Guid(9d5c4e48cc0ee44be80b3e4f82bb69de) Importer(815301076,1909f56bfc062723c751e8b465ee728b)  -> (artifact id: '61bc9ad068faf7178c19ae1b026f6d77') in 0.005795 seconds 
  Import took 0.008135 seconds .

========================================================================
Received Import Request.
  Time since last request: 3.279450 seconds.
  path: Assets/_Creepy_Cat/3D Games Effects Pack Free/_Prefabs/Effect_01.prefab
  artifactKey: Guid(e48c7d7ec43014ad882cf23f3bb48ac8) Importer(815301076,1909f56bfc062723c751e8b465ee728b)
Start importing Assets/_Creepy_Cat/3D Games Effects Pack Free/_Prefabs/Effect_01.prefab using Guid(e48c7d7ec43014ad882cf23f3bb48ac8) Importer(815301076,1909f56bfc062723c751e8b465ee728b)  -> (artifact id: '0c33d8d6867eab80061a3c160cd6b965') in 0.031600 seconds 
  Import took 0.034222 seconds .

========================================================================
Received Import Request.
  Time since last request: 1.318014 seconds.
  path: Assets/_Creepy_Cat/3D Games Effects Pack Free/_Prefabs/Effect_04.prefab
  artifactKey: Guid(11380b47be58c4fa78a82752a3f61daa) Importer(815301076,1909f56bfc062723c751e8b465ee728b)
Start importing Assets/_Creepy_Cat/3D Games Effects Pack Free/_Prefabs/Effect_04.prefab using Guid(11380b47be58c4fa78a82752a3f61daa) Importer(815301076,1909f56bfc062723c751e8b465ee728b)  -> (artifact id: 'a87f5ba32174964528d35beec4093919') in 0.007012 seconds 
  Import took 0.009116 seconds .

========================================================================
Received Prepare
Registering precompiled user dll's ...
Registered in 0.003008 seconds.
Begin MonoManager ReloadAssembly
Native extension for WindowsStandalone target not found
Refreshing native plugins compatible for Editor in 0.46 ms, found 2 plugins.
Preloading 0 native plugins for Editor in 0.00 ms.
Mono: successfully reloaded assembly
- Completed reload, in  0.957 seconds
Platform modules already initialized, skipping
Refreshing native plugins compatible for Editor in 0.27 ms, found 2 plugins.
Preloading 0 native plugins for Editor in 0.00 ms.
Unloading 1390 Unused Serialized files (Serialized files now loaded: 0)
System memory in use before: 70.6 MB.
System memory in use after: 70.7 MB.

Unloading 58 unused Assets to reduce memory usage. Loaded Objects now: 1853.
Total: 1.567700 ms (FindLiveObjects: 0.136400 ms CreateObjectMapping: 0.041000 ms MarkObjects: 1.294100 ms  DeleteObjects: 0.095500 ms)

AssetImportParameters requested are different than current active one (requested -> active):
  custom:framework-win-MediaFoundation: 216162199b28c13a410421893ffa2e32 -> 
  custom:video-decoder-ogg-theora: a1e56fd34408186e4bbccfd4996cb3dc -> 
  custom:container-muxer-webm: aa71ff27fc2769a1b78a27578f13a17b -> 
  custom:container-demuxer-webm: 4f35f7cbe854078d1ac9338744f61a02 -> 
  custom:container-demuxer-ogg: 62fdf1f143b41e24485cea50d1cbac27 -> 
  custom:video-encoder-webm-vp8: eb34c28f22e8b96e1ab97ce403110664 -> 
  custom:video-decoder-webm-vp8: 9c59270c3fd7afecdb556c50c9e8de78 -> 
  custom:audio-decoder-ogg-vorbis: bf7c407c2cedff20999df2af8eb42d56 -> 
  custom:audio-encoder-webm-vorbis: bf7c407c2cedff20999df2af8eb42d56 -> 
========================================================================
Received Prepare
Registering precompiled user dll's ...
Registered in 0.003123 seconds.
Begin MonoManager ReloadAssembly
Native extension for WindowsStandalone target not found
Refreshing native plugins compatible for Editor in 0.29 ms, found 2 plugins.
Preloading 0 native plugins for Editor in 0.00 ms.
Mono: successfully reloaded assembly
- Completed reload, in  0.868 seconds
Platform modules already initialized, skipping
Refreshing native plugins compatible for Editor in 0.26 ms, found 2 plugins.
Preloading 0 native plugins for Editor in 0.00 ms.
Unloading 1390 Unused Serialized files (Serialized files now loaded: 0)
System memory in use before: 70.4 MB.
System memory in use after: 70.5 MB.

Unloading 14 unused Assets to reduce memory usage. Loaded Objects now: 1856.
Total: 1.624300 ms (FindLiveObjects: 0.144200 ms CreateObjectMapping: 0.044600 ms MarkObjects: 1.376600 ms  DeleteObjects: 0.057900 ms)

AssetImportParameters requested are different than current active one (requested -> active):
  custom:framework-win-MediaFoundation: 216162199b28c13a410421893ffa2e32 -> 
  custom:video-decoder-ogg-theora: a1e56fd34408186e4bbccfd4996cb3dc -> 
  custom:container-muxer-webm: aa71ff27fc2769a1b78a27578f13a17b -> 
  custom:container-demuxer-webm: 4f35f7cbe854078d1ac9338744f61a02 -> 
  custom:container-demuxer-ogg: 62fdf1f143b41e24485cea50d1cbac27 -> 
  custom:video-encoder-webm-vp8: eb34c28f22e8b96e1ab97ce403110664 -> 
  custom:video-decoder-webm-vp8: 9c59270c3fd7afecdb556c50c9e8de78 -> 
  custom:audio-decoder-ogg-vorbis: bf7c407c2cedff20999df2af8eb42d56 -> 
  custom:audio-encoder-webm-vorbis: bf7c407c2cedff20999df2af8eb42d56 -> 
========================================================================
Received Import Request.
  Time since last request: 43.115585 seconds.
  path: Assets/Scenes/ShootingMainScene.unity
  artifactKey: Guid(5fdbb94a510b523468d9610105eae1a8) Importer(815301076,1909f56bfc062723c751e8b465ee728b)
Start importing Assets/Scenes/ShootingMainScene.unity using Guid(5fdbb94a510b523468d9610105eae1a8) Importer(815301076,1909f56bfc062723c751e8b465ee728b)  -> (artifact id: '3f0f5541d39862f520236f3f3878478a') in 0.010514 seconds 
  Import took 0.012486 seconds .

========================================================================
Received Import Request.
  Time since last request: 0.000305 seconds.
  path: Assets/Scenes/ShootingMainScene.unity
  artifactKey: Guid(5fdbb94a510b523468d9610105eae1a8) Importer(815301076,1909f56bfc062723c751e8b465ee728b)
Start importing Assets/Scenes/ShootingMainScene.unity using Guid(5fdbb94a510b523468d9610105eae1a8) Importer(815301076,1909f56bfc062723c751e8b465ee728b)  -> (artifact id: '3f0f5541d39862f520236f3f3878478a') in 0.002410 seconds 
  Import took 0.004593 seconds .

